<?xml version="1.0" encoding="UTF-8"?>
<!-- Generated by org.testng.reporters.JUnitXMLReporter -->
<testsuite hostname="ahmed-pc.home" tests="7" failures="0" timestamp="1 May 2013 22:18:06 GMT" time="14.743" errors="0">
  <testcase name="openHomePage" time="6.754" classname="TestRunner"/>
  <testcase name="searchAndGo" time="4.169" classname="TestRunner"/>
  <testcase name="verifyFirstPage" time="0.237" classname="TestRunner"/>
  <testcase name="clickNext" time="1.609" classname="TestRunner"/>
  <testcase name="verifySecondPage" time="0.046" classname="TestRunner"/>
  <testcase name="clickPrev" time="1.774" classname="TestRunner"/>
  <testcase name="verifyFirstPageAgain" time="0.109" classname="TestRunner"/>
</testsuite>
