<?xml version="1.0" encoding="UTF-8"?>
<testng-results skipped="0" failed="0" total="7" passed="7">
  <reporter-output>
  </reporter-output>
  <suite name="Default suite" duration-ms="10725" started-at="2013-05-01T22:32:36Z" finished-at="2013-05-01T22:32:47Z">
    <groups>
    </groups>
    <test name="Default test" duration-ms="10725" started-at="2013-05-01T22:32:36Z" finished-at="2013-05-01T22:32:47Z">
      <class name="TestRunner">
        <test-method status="PASS" signature="setUpSelenium()[pri:0, instance:TestRunner@64633e5e]" name="setUpSelenium" is-config="true" duration-ms="12602" started-at="2013-05-01T23:32:24Z" finished-at="2013-05-01T23:32:36Z">
          <reporter-output>
          </reporter-output>
        </test-method> <!-- setUpSelenium -->
        <test-method status="PASS" signature="openHomePage()[pri:0, instance:TestRunner@64633e5e]" name="openHomePage" duration-ms="3115" started-at="2013-05-01T23:32:36Z" description="Open the homepage" finished-at="2013-05-01T23:32:39Z">
          <reporter-output>
          </reporter-output>
        </test-method> <!-- openHomePage -->
        <test-method status="PASS" signature="searchAndGo()[pri:0, instance:TestRunner@64633e5e]" name="searchAndGo" duration-ms="2370" started-at="2013-05-01T23:32:39Z" description="Type &#039;huddle&#039; into search field and click search button" depends-on-methods="TestRunner.openHomePage" finished-at="2013-05-01T23:32:42Z">
          <reporter-output>
          </reporter-output>
        </test-method> <!-- searchAndGo -->
        <test-method status="PASS" signature="verifyFirstPage()[pri:0, instance:TestRunner@64633e5e]" name="verifyFirstPage" duration-ms="19" started-at="2013-05-01T23:32:42Z" description="Verify we&#039;re on the 1st page" depends-on-methods="TestRunner.searchAndGo" finished-at="2013-05-01T23:32:42Z">
          <reporter-output>
          </reporter-output>
        </test-method> <!-- verifyFirstPage -->
        <test-method status="PASS" signature="clickNext()[pri:0, instance:TestRunner@64633e5e]" name="clickNext" duration-ms="2138" started-at="2013-05-01T23:32:42Z" description="Click the &#039;next&#039; button" depends-on-methods="TestRunner.verifyFirstPage" finished-at="2013-05-01T23:32:44Z">
          <reporter-output>
          </reporter-output>
        </test-method> <!-- clickNext -->
        <test-method status="PASS" signature="verifySecondPage()[pri:0, instance:TestRunner@64633e5e]" name="verifySecondPage" duration-ms="93" started-at="2013-05-01T23:32:44Z" description="Verify we&#039;re on the 2nd page" depends-on-methods="TestRunner.clickNext" finished-at="2013-05-01T23:32:44Z">
          <reporter-output>
          </reporter-output>
        </test-method> <!-- verifySecondPage -->
        <test-method status="PASS" signature="clickPrev()[pri:0, instance:TestRunner@64633e5e]" name="clickPrev" duration-ms="2888" started-at="2013-05-01T23:32:44Z" description="Click the &#039;prev&#039; button" depends-on-methods="TestRunner.verifySecondPage" finished-at="2013-05-01T23:32:47Z">
          <reporter-output>
          </reporter-output>
        </test-method> <!-- clickPrev -->
        <test-method status="PASS" signature="verifyFirstPageAgain()[pri:0, instance:TestRunner@64633e5e]" name="verifyFirstPageAgain" duration-ms="30" started-at="2013-05-01T23:32:47Z" description="Verify we&#039;re back at the first page" depends-on-methods="TestRunner.clickPrev" finished-at="2013-05-01T23:32:47Z">
          <reporter-output>
          </reporter-output>
        </test-method> <!-- verifyFirstPageAgain -->
        <test-method status="PASS" signature="shutDownSelenium()[pri:0, instance:TestRunner@64633e5e]" name="shutDownSelenium" is-config="true" duration-ms="920" started-at="2013-05-01T23:32:47Z" finished-at="2013-05-01T23:32:48Z">
          <reporter-output>
          </reporter-output>
        </test-method> <!-- shutDownSelenium -->
      </class> <!-- TestRunner -->
    </test> <!-- Default test -->
  </suite> <!-- Default suite -->
</testng-results>
